mode: atomic
app/models/errors.go:13.47,18.2 1 0
app/models/errors.go:20.32,22.2 1 0
app/models/errors.go:13.47,18.2 1 1
app/models/errors.go:20.32,22.2 1 2
app/services/user/create.go:9.97,11.16 2 1
app/services/user/create.go:11.16,13.3 1 1
app/services/user/create.go:15.2,16.23 2 0
app/services/user/create.go:16.23,18.3 1 0
app/services/user/create.go:21.2,26.16 5 0
app/services/user/create.go:26.16,28.3 1 0
app/services/user/create.go:30.2,30.8 1 0
app/services/user/create.go:33.52,34.19 1 1
app/services/user/create.go:34.19,37.3 2 0
app/services/user/create.go:39.2,39.30 1 1
app/services/user/create.go:39.30,42.3 2 0
app/services/user/create.go:44.2,44.31 1 1
app/services/user/create.go:44.31,47.3 2 0
app/services/user/create.go:49.2,49.17 1 1
app/services/user/create.go:49.17,52.3 2 0
app/services/user/create.go:54.2,54.23 1 1
app/services/user/create.go:54.23,55.36 1 1
app/services/user/create.go:55.36,58.4 2 1
app/services/user/create.go:60.2,60.8 1 0
app/services/user/delete.go:10.72,13.16 2 0
app/services/user/delete.go:13.16,15.3 1 0
app/services/user/delete.go:19.2,20.16 2 0
app/services/user/delete.go:20.16,23.3 2 0
app/services/user/delete.go:24.2,24.9 1 0
app/services/user/delete.go:24.9,26.3 1 0
app/services/user/delete.go:28.2,29.16 2 0
app/services/user/delete.go:29.16,32.3 2 0
app/services/user/delete.go:34.2,34.8 1 0
app/services/user/get.go:10.90,12.16 2 0
app/services/user/get.go:12.16,14.3 1 0
app/services/user/get.go:16.2,17.16 2 0
app/services/user/get.go:17.16,22.3 2 0
app/services/user/get.go:23.2,27.8 5 0
app/services/user/patch.go:10.90,13.16 2 0
app/services/user/patch.go:13.16,15.3 1 0
app/services/user/patch.go:18.2,19.16 2 0
app/services/user/patch.go:19.16,21.3 1 0
app/services/user/patch.go:25.2,26.16 2 0
app/services/user/patch.go:26.16,29.3 2 0
app/services/user/patch.go:30.2,30.9 1 0
app/services/user/patch.go:30.9,32.3 1 0
app/services/user/patch.go:33.2,39.23 2 0
app/services/user/patch.go:39.23,41.3 1 0
app/services/user/patch.go:43.2,44.16 2 0
app/services/user/patch.go:44.16,47.3 2 0
app/services/user/patch.go:49.2,49.8 1 0
app/services/user/patch.go:52.52,54.19 2 0
app/services/user/patch.go:54.19,56.31 1 0
app/services/user/patch.go:56.31,59.4 2 0
app/services/user/patch.go:61.3,61.32 1 0
app/services/user/patch.go:61.32,64.4 2 0
app/services/user/patch.go:65.3,65.18 1 0
app/services/user/patch.go:68.2,68.23 1 0
app/services/user/patch.go:68.23,69.36 1 0
app/services/user/patch.go:69.36,72.4 2 0
app/services/user/patch.go:73.3,73.18 1 0
app/services/user/patch.go:76.2,76.17 1 0
app/services/user/patch.go:76.17,77.17 1 0
app/services/user/patch.go:77.17,80.4 2 0
app/services/user/patch.go:81.3,81.18 1 0
app/services/user/patch.go:84.2,84.15 1 0
app/services/user/patch.go:84.15,87.3 2 0
app/services/user/patch.go:89.2,89.8 1 0
app/utils/str.go:3.42,5.2 1 0
app/utils/uuid.go:8.46,10.2 1 0
app/utils/uuid.go:13.53,15.2 1 2
